# JRE version: OpenJDK Runtime Environment (14.0.1+7) (build 14.0.1+7)
# Java VM: OpenJDK 64-Bit Server VM (14.0.1+7, mixed mode, sharing, tiered, compressed oops, g1 gc, windows-amd64)
Heap:
 garbage-first heap   total 58368K, used 41872K [0x0000000083200000, 0x0000000100000000)
  region size 1024K, 27 young (27648K), 1 survivors (1024K)
 Metaspace       used 33842K, capacity 34819K, committed 34992K, reserved 1079296K
  class space    used 4424K, capacity 4796K, committed 4864K, reserved 1048576K
GC Heap History (16 events):
Event: 0.554 GC heap before
{Heap before GC invocations=0 (full 0):
 garbage-first heap   total 129024K, used 23552K [0x0000000083200000, 0x0000000100000000)
  region size 1024K, 23 young (23552K), 0 survivors (0K)
 Metaspace       used 5013K, capacity 6854K, committed 7040K, reserved 1056768K
  class space    used 578K, capacity 778K, committed 896K, reserved 1048576K
}
Event: 0.559 GC heap after
{Heap after GC invocations=1 (full 0):
 garbage-first heap   total 129024K, used 7426K [0x0000000083200000, 0x0000000100000000)
  region size 1024K, 3 young (3072K), 3 survivors (3072K)
 Metaspace       used 5013K, capacity 6854K, committed 7040K, reserved 1056768K
  class space    used 578K, capacity 778K, committed 896K, reserved 1048576K
}
Event: 0.753 GC heap before
{Heap before GC invocations=1 (full 0):
 garbage-first heap   total 129024K, used 34050K [0x0000000083200000, 0x0000000100000000)
  region size 1024K, 29 young (29696K), 3 survivors (3072K)
 Metaspace       used 8900K, capacity 9670K, committed 9856K, reserved 1058816K
  class space    used 1173K, capacity 1295K, committed 1408K, reserved 1048576K
}
Event: 0.757 GC heap after
{Heap after GC invocations=2 (full 0):
 garbage-first heap   total 129024K, used 8627K [0x0000000083200000, 0x0000000100000000)
  region size 1024K, 2 young (2048K), 2 survivors (2048K)
 Metaspace       used 8900K, capacity 9670K, committed 9856K, reserved 1058816K
  class space    used 1173K, capacity 1295K, committed 1408K, reserved 1048576K
}
Event: 1.169 GC heap before
{Heap before GC invocations=2 (full 0):
 garbage-first heap   total 129024K, used 69043K [0x0000000083200000, 0x0000000100000000)
  region size 1024K, 62 young (63488K), 2 survivors (2048K)
 Metaspace       used 17660K, capacity 18245K, committed 18432K, reserved 1064960K
  class space    used 2294K, capacity 2516K, committed 2560K, reserved 1048576K
}
Event: 1.173 GC heap after
{Heap after GC invocations=3 (full 0):
 garbage-first heap   total 129024K, used 10571K [0x0000000083200000, 0x0000000100000000)
  region size 1024K, 4 young (4096K), 4 survivors (4096K)
 Metaspace       used 17660K, capacity 18245K, committed 18432K, reserved 1064960K
  class space    used 2294K, capacity 2516K, committed 2560K, reserved 1048576K
}
Event: 1.758 GC heap before
{Heap before GC invocations=3 (full 0):
 garbage-first heap   total 129024K, used 74059K [0x0000000083200000, 0x0000000100000000)
  region size 1024K, 68 young (69632K), 4 survivors (4096K)
 Metaspace       used 20439K, capacity 21148K, committed 21296K, reserved 1067008K
  class space    used 2612K, capacity 2900K, committed 2944K, reserved 1048576K
}
Event: 1.763 GC heap after
{Heap after GC invocations=4 (full 0):
 garbage-first heap   total 129024K, used 12040K [0x0000000083200000, 0x0000000100000000)
  region size 1024K, 5 young (5120K), 5 survivors (5120K)
 Metaspace       used 20439K, capacity 21148K, committed 21296K, reserved 1067008K
  class space    used 2612K, capacity 2900K, committed 2944K, reserved 1048576K
}
Event: 2.120 GC heap before
{Heap before GC invocations=5 (full 0):
 garbage-first heap   total 48128K, used 35592K [0x0000000083200000, 0x0000000100000000)
  region size 1024K, 28 young (28672K), 5 survivors (5120K)
 Metaspace       used 22678K, capacity 23471K, committed 23728K, reserved 1069056K
  class space    used 2934K, capacity 3241K, committed 3328K, reserved 1048576K
}
Event: 2.128 GC heap after
{Heap after GC invocations=6 (full 0):
 garbage-first heap   total 58368K, used 13178K [0x0000000083200000, 0x0000000100000000)
  region size 1024K, 3 young (3072K), 3 survivors (3072K)
 Metaspace       used 22678K, capacity 23471K, committed 23728K, reserved 1069056K
  class space    used 2934K, capacity 3241K, committed 3328K, reserved 1048576K
}
Event: 2.692 GC heap before
{Heap before GC invocations=6 (full 0):
 garbage-first heap   total 58368K, used 40826K [0x0000000083200000, 0x0000000100000000)
  region size 1024K, 31 young (31744K), 3 survivors (3072K)
 Metaspace       used 27281K, capacity 28187K, committed 28464K, reserved 1073152K
  class space    used 3546K, capacity 3907K, committed 3968K, reserved 1048576K
}
Event: 2.700 GC heap after
{Heap after GC invocations=7 (full 0):
 garbage-first heap   total 58368K, used 15391K [0x0000000083200000, 0x0000000100000000)
  region size 1024K, 4 young (4096K), 4 survivors (4096K)
 Metaspace       used 27281K, capacity 28187K, committed 28464K, reserved 1073152K
  class space    used 3546K, capacity 3907K, committed 3968K, reserved 1048576K
}
Event: 2.946 GC heap before
{Heap before GC invocations=7 (full 0):
 garbage-first heap   total 58368K, used 40991K [0x0000000083200000, 0x0000000100000000)
  region size 1024K, 30 young (30720K), 4 survivors (4096K)
 Metaspace       used 29650K, capacity 30621K, committed 30768K, reserved 1075200K
  class space    used 3819K, capacity 4186K, committed 4224K, reserved 1048576K
}
Event: 2.956 GC heap after
{Heap after GC invocations=8 (full 0):
 garbage-first heap   total 58368K, used 16592K [0x0000000083200000, 0x0000000100000000)
  region size 1024K, 2 young (2048K), 2 survivors (2048K)
 Metaspace       used 29650K, capacity 30621K, committed 30768K, reserved 1075200K
  class space    used 3819K, capacity 4186K, committed 4224K, reserved 1048576K
}
Event: 2.982 GC heap before
{Heap before GC invocations=8 (full 0):
 garbage-first heap   total 58368K, used 42192K [0x0000000083200000, 0x0000000100000000)
  region size 1024K, 28 young (28672K), 2 survivors (2048K)
 Metaspace       used 29669K, capacity 30621K, committed 30768K, reserved 1075200K
  class space    used 3819K, capacity 4186K, committed 4224K, reserved 1048576K
}
Event: 2.985 GC heap after
{Heap after GC invocations=9 (full 0):
 garbage-first heap   total 58368K, used 16272K [0x0000000083200000, 0x0000000100000000)
  region size 1024K, 1 young (1024K), 1 survivors (1024K)
 Metaspace       used 29669K, capacity 30621K, committed 30768K, reserved 1075200K
  class space    used 3819K, capacity 4186K, committed 4224K, reserved 1048576K
}

